mode: atomic
github.com/noandrea/geo2tz/v2/web/config.go:39.17,47.2 5 0
github.com/noandrea/geo2tz/v2/web/config.go:50.46,53.2 1 0
github.com/noandrea/geo2tz/v2/web/server.go:30.39,33.2 2 7
github.com/noandrea/geo2tz/v2/web/server.go:36.62,38.2 1 2
github.com/noandrea/geo2tz/v2/web/server.go:49.37,51.2 1 0
github.com/noandrea/geo2tz/v2/web/server.go:53.46,57.24 4 0
github.com/noandrea/geo2tz/v2/web/server.go:57.24,59.3 1 0
github.com/noandrea/geo2tz/v2/web/server.go:60.2,60.8 1 0
github.com/noandrea/geo2tz/v2/web/server.go:63.54,69.16 5 4
github.com/noandrea/geo2tz/v2/web/server.go:69.16,72.3 2 1
github.com/noandrea/geo2tz/v2/web/server.go:73.2,75.43 2 3
github.com/noandrea/geo2tz/v2/web/server.go:75.43,78.3 2 0
github.com/noandrea/geo2tz/v2/web/server.go:81.2,82.40 2 3
github.com/noandrea/geo2tz/v2/web/server.go:82.40,85.3 2 0
github.com/noandrea/geo2tz/v2/web/server.go:85.8,87.3 1 3
github.com/noandrea/geo2tz/v2/web/server.go:89.2,96.16 6 3
github.com/noandrea/geo2tz/v2/web/server.go:96.16,99.3 2 1
github.com/noandrea/geo2tz/v2/web/server.go:100.2,101.68 2 2
github.com/noandrea/geo2tz/v2/web/server.go:101.68,104.3 2 0
github.com/noandrea/geo2tz/v2/web/server.go:107.2,110.21 3 2
github.com/noandrea/geo2tz/v2/web/server.go:113.61,115.24 1 4
github.com/noandrea/geo2tz/v2/web/server.go:115.24,117.50 2 0
github.com/noandrea/geo2tz/v2/web/server.go:117.50,120.4 2 0
github.com/noandrea/geo2tz/v2/web/server.go:123.2,124.16 2 4
github.com/noandrea/geo2tz/v2/web/server.go:124.16,127.3 2 2
github.com/noandrea/geo2tz/v2/web/server.go:129.2,130.16 2 2
github.com/noandrea/geo2tz/v2/web/server.go:130.16,133.3 2 1
github.com/noandrea/geo2tz/v2/web/server.go:136.2,137.16 2 1
github.com/noandrea/geo2tz/v2/web/server.go:137.16,140.3 2 0
github.com/noandrea/geo2tz/v2/web/server.go:141.2,141.97 1 1
github.com/noandrea/geo2tz/v2/web/server.go:144.61,146.2 1 1
github.com/noandrea/geo2tz/v2/web/server.go:149.57,150.34 1 19
github.com/noandrea/geo2tz/v2/web/server.go:150.34,152.3 1 2
github.com/noandrea/geo2tz/v2/web/server.go:153.2,154.16 2 17
github.com/noandrea/geo2tz/v2/web/server.go:154.16,156.3 1 2
github.com/noandrea/geo2tz/v2/web/server.go:157.2,157.14 1 15
github.com/noandrea/geo2tz/v2/web/server.go:158.16,159.24 1 8
github.com/noandrea/geo2tz/v2/web/server.go:159.24,161.4 1 4
github.com/noandrea/geo2tz/v2/web/server.go:162.17,163.26 1 7
github.com/noandrea/geo2tz/v2/web/server.go:163.26,165.4 1 4
github.com/noandrea/geo2tz/v2/web/server.go:167.2,167.15 1 7
